<?xml version="1.0" encoding="UTF-8"?>
<testng-results ignored="0" total="2" passed="2" failed="0" skipped="0">
  <reporter-output>
  </reporter-output>
  <suite started-at="2024-02-19T22:44:18 IST" name="Default suite" finished-at="2024-02-19T22:44:27 IST" duration-ms="9018">
    <groups>
    </groups>
    <test started-at="2024-02-19T22:44:18 IST" name="Default test" finished-at="2024-02-19T22:44:27 IST" duration-ms="9018">
      <class name="SampleEbay.ebayMaster">
        <test-method is-config="true" signature="beforeTest()[pri:0, instance:SampleEbay.ebayMaster@2f4948e4]" started-at="2024-02-19T22:44:18 IST" name="beforeTest" finished-at="2024-02-19T22:44:23 IST" duration-ms="5165" status="PASS">
          <reporter-output>
          </reporter-output>
        </test-method> <!-- beforeTest -->
        <test-method signature="test1()[pri:0, instance:SampleEbay.ebayMaster@2f4948e4]" started-at="2024-02-19T22:44:23 IST" name="test1" finished-at="2024-02-19T22:44:27 IST" duration-ms="3481" status="PASS">
          <reporter-output>
          </reporter-output>
        </test-method> <!-- test1 -->
        <test-method signature="test2()[pri:0, instance:SampleEbay.ebayMaster@2f4948e4]" started-at="2024-02-19T22:44:27 IST" name="test2" finished-at="2024-02-19T22:44:27 IST" duration-ms="298" status="PASS">
          <reporter-output>
          </reporter-output>
        </test-method> <!-- test2 -->
      </class> <!-- SampleEbay.ebayMaster -->
    </test> <!-- Default test -->
  </suite> <!-- Default suite -->
</testng-results>
